--------------- Build Started: 02/03/2023 10:42:22 Project: PSoC_Project, Configuration: ARM GCC 5.4-2016-q2-update Debug ---------------
cydsfit.exe -.appdatapath "C:\Users\annasparapani\AppData\Local\Cypress Semiconductor\PSoC Creator\4.4" -.fdsnotice -.fdswarpdepfile=warp_dependencies.txt -.fdselabdepfile=elab_dependencies.txt -.fdsbldfile=generated_files.txt -.fdsreffile=referenced_files.txt -p \\.psf\Home\Desktop\LAB_TEBS\_Progetto\TEBS_GitHub\PSoC_Project\PSoC_Project.cydsn\PSoC_Project.cyprj -d CY8C5888LTI-LP097 -s \\.psf\Home\Desktop\LAB_TEBS\_Progetto\TEBS_GitHub\PSoC_Project\PSoC_Project.cydsn\Generated_Source\PSoC5 -- -yv2 -q10 -ygs -o2 -v3 -.fftcfgtype=LE
Elaborating Design...
ADD: sdb.M0065: information: Analog terminal "AMux_TIA_input.AinTerm2" on TopDesign is unconnected.
 * \\.psf\Home\Desktop\LAB_TEBS\_Progetto\TEBS_GitHub\PSoC_Project\PSoC_Project.cydsn\TopDesign\TopDesign.cysch (Signal: Net_247)
 * \\.psf\Home\Desktop\LAB_TEBS\_Progetto\TEBS_GitHub\PSoC_Project\PSoC_Project.cydsn\TopDesign\TopDesign.cysch (Shape_134)
 * \\.psf\Home\Desktop\LAB_TEBS\_Progetto\TEBS_GitHub\PSoC_Project\PSoC_Project.cydsn\TopDesign\TopDesign.cysch (Shape_135)
 * \\.psf\Home\Desktop\LAB_TEBS\_Progetto\TEBS_GitHub\PSoC_Project\PSoC_Project.cydsn\TopDesign\TopDesign.cysch (Shape_136)
 * \\.psf\Home\Desktop\LAB_TEBS\_Progetto\TEBS_GitHub\PSoC_Project\PSoC_Project.cydsn\TopDesign\TopDesign.cysch (Shape_55.3)
HDL Generation...
Synthesis...
Tech Mapping...
Info: plm.M0038: The pin named Working_Electrode(0) at location P0[0] prevents usage of special purposes: OpAmp:out. (App=cydsfit)
Analog Placement...
Info: apr.M0002: Analog signal "Net_247" is connected to one terminal only. (App=cydsfit)
Log: apr.M0058: The analog placement iterative improvement is 28% done. (App=cydsfit)
Log: apr.M0058: The analog placement iterative improvement is 55% done. (App=cydsfit)
Analog Routing...
Analog Code Generation...
Digital Placement...
Digital Routing...
Bitstream Generation...
Bitstream Verification...
Static timing analysis...
API Generation...
Dependency Generation...
Cleanup...
--------------- Build Succeeded: 02/03/2023 10:42:49 ---------------
