ARM GAS  C:\Users\ANNASP~1\AppData\Local\Temp\ccK5ANzT.s 			page 1


   1              		.syntax unified
   2              		.cpu cortex-m3
   3              		.fpu softvfp
   4              		.eabi_attribute 20, 1
   5              		.eabi_attribute 21, 1
   6              		.eabi_attribute 23, 3
   7              		.eabi_attribute 24, 1
   8              		.eabi_attribute 25, 1
   9              		.eabi_attribute 26, 1
  10              		.eabi_attribute 30, 1
  11              		.eabi_attribute 34, 1
  12              		.eabi_attribute 18, 4
  13              		.thumb
  14              		.syntax unified
  15              		.file	"cymetadata.c"
  16              		.text
  17              	.Ltext0:
  18              		.cfi_sections	.debug_frame
  19              		.global	cy_metadata
  20              		.global	cy_meta_flashprotect
  21              		.global	cy_meta_wonvl
  22              		.global	cy_meta_custnvl
  23              		.global	cy_meta_configecc
  24              		.section	.cyconfigecc,"a",%progbits
  25              		.align	2
  26              		.type	cy_meta_configecc, %object
  27              		.size	cy_meta_configecc, 1312
  28              	cy_meta_configecc:
  29 0000 02       		.byte	2
  30 0001 52       		.byte	82
  31 0002 00       		.byte	0
  32 0003 40       		.byte	64
  33 0004 01       		.byte	1
  34 0005 5A       		.byte	90
  35 0006 00       		.byte	0
  36 0007 40       		.byte	64
  37 0008 02       		.byte	2
  38 0009 64       		.byte	100
  39 000a 00       		.byte	0
  40 000b 40       		.byte	64
  41 000c 01       		.byte	1
  42 000d 65       		.byte	101
  43 000e 00       		.byte	0
  44 000f 40       		.byte	64
  45 0010 03       		.byte	3
  46 0011 07       		.byte	7
  47 0012 01       		.byte	1
  48 0013 40       		.byte	64
  49 0014 3F       		.byte	63
  50 0015 08       		.byte	8
  51 0016 01       		.byte	1
  52 0017 40       		.byte	64
  53 0018 2B       		.byte	43
  54 0019 09       		.byte	9
  55 001a 01       		.byte	1
  56 001b 40       		.byte	64
  57 001c 04       		.byte	4
ARM GAS  C:\Users\ANNASP~1\AppData\Local\Temp\ccK5ANzT.s 			page 2


  58 001d 0A       		.byte	10
  59 001e 01       		.byte	1
  60 001f 40       		.byte	64
  61 0020 01       		.byte	1
  62 0021 0B       		.byte	11
  63 0022 01       		.byte	1
  64 0023 40       		.byte	64
  65 0024 36       		.byte	54
  66 0025 14       		.byte	20
  67 0026 01       		.byte	1
  68 0027 40       		.byte	64
  69 0028 18       		.byte	24
  70 0029 15       		.byte	21
  71 002a 01       		.byte	1
  72 002b 40       		.byte	64
  73 002c 01       		.byte	1
  74 002d 17       		.byte	23
  75 002e 01       		.byte	1
  76 002f 40       		.byte	64
  77 0030 16       		.byte	22
  78 0031 18       		.byte	24
  79 0032 01       		.byte	1
  80 0033 40       		.byte	64
  81 0034 49       		.byte	73
  82 0035 19       		.byte	25
  83 0036 01       		.byte	1
  84 0037 40       		.byte	64
  85 0038 5B       		.byte	91
  86 0039 1A       		.byte	26
  87 003a 01       		.byte	1
  88 003b 40       		.byte	64
  89 003c 3B       		.byte	59
  90 003d 1B       		.byte	27
  91 003e 01       		.byte	1
  92 003f 40       		.byte	64
  93 0040 08       		.byte	8
  94 0041 40       		.byte	64
  95 0042 01       		.byte	1
  96 0043 40       		.byte	64
  97 0044 03       		.byte	3
  98 0045 41       		.byte	65
  99 0046 01       		.byte	1
 100 0047 40       		.byte	64
 101 0048 03       		.byte	3
 102 0049 42       		.byte	66
 103 004a 01       		.byte	1
 104 004b 40       		.byte	64
 105 004c 06       		.byte	6
 106 004d 43       		.byte	67
 107 004e 01       		.byte	1
 108 004f 40       		.byte	64
 109 0050 02       		.byte	2
 110 0051 44       		.byte	68
 111 0052 01       		.byte	1
 112 0053 40       		.byte	64
 113 0054 03       		.byte	3
 114 0055 45       		.byte	69
ARM GAS  C:\Users\ANNASP~1\AppData\Local\Temp\ccK5ANzT.s 			page 3


 115 0056 01       		.byte	1
 116 0057 40       		.byte	64
 117 0058 04       		.byte	4
 118 0059 46       		.byte	70
 119 005a 01       		.byte	1
 120 005b 40       		.byte	64
 121 005c 04       		.byte	4
 122 005d 47       		.byte	71
 123 005e 01       		.byte	1
 124 005f 40       		.byte	64
 125 0060 05       		.byte	5
 126 0061 48       		.byte	72
 127 0062 01       		.byte	1
 128 0063 40       		.byte	64
 129 0064 04       		.byte	4
 130 0065 49       		.byte	73
 131 0066 01       		.byte	1
 132 0067 40       		.byte	64
 133 0068 02       		.byte	2
 134 0069 4C       		.byte	76
 135 006a 01       		.byte	1
 136 006b 40       		.byte	64
 137 006c 0C       		.byte	12
 138 006d 4D       		.byte	77
 139 006e 01       		.byte	1
 140 006f 40       		.byte	64
 141 0070 05       		.byte	5
 142 0071 50       		.byte	80
 143 0072 01       		.byte	1
 144 0073 40       		.byte	64
 145 0074 02       		.byte	2
 146 0075 51       		.byte	81
 147 0076 01       		.byte	1
 148 0077 40       		.byte	64
 149 0078 61       		.byte	97
 150 0079 80       		.byte	-128
 151 007a 64       		.byte	100
 152 007b 40       		.byte	64
 153 007c 8F       		.byte	-113
 154 007d 01       		.byte	1
 155 007e 88       		.byte	-120
 156 007f 0F       		.byte	15
 157 0080 89       		.byte	-119
 158 0081 38       		.byte	56
 159 0082 89       		.byte	-119
 160 0083 72       		.byte	114
 161 0084 8D       		.byte	-115
 162 0085 10       		.byte	16
 163 0086 E2       		.byte	-30
 164 0087 40       		.byte	64
 165 0088 E6       		.byte	-26
 166 0089 02       		.byte	2
 167 008a 07       		.byte	7
 168 008b 01       		.byte	1
 169 008c 17       		.byte	23
 170 008d 01       		.byte	1
 171 008e 1C       		.byte	28
ARM GAS  C:\Users\ANNASP~1\AppData\Local\Temp\ccK5ANzT.s 			page 4


 172 008f 01       		.byte	1
 173 0090 21       		.byte	33
 174 0091 01       		.byte	1
 175 0092 27       		.byte	39
 176 0093 01       		.byte	1
 177 0094 29       		.byte	41
 178 0095 01       		.byte	1
 179 0096 34       		.byte	52
 180 0097 01       		.byte	1
 181 0098 37       		.byte	55
 182 0099 01       		.byte	1
 183 009a 3E       		.byte	62
 184 009b 10       		.byte	16
 185 009c 3F       		.byte	63
 186 009d 40       		.byte	64
 187 009e 54       		.byte	84
 188 009f 01       		.byte	1
 189 00a0 58       		.byte	88
 190 00a1 04       		.byte	4
 191 00a2 59       		.byte	89
 192 00a3 04       		.byte	4
 193 00a4 5B       		.byte	91
 194 00a5 04       		.byte	4
 195 00a6 5D       		.byte	93
 196 00a7 30       		.byte	48
 197 00a8 5F       		.byte	95
 198 00a9 01       		.byte	1
 199 00aa 81       		.byte	-127
 200 00ab 19       		.byte	25
 201 00ac 83       		.byte	-125
 202 00ad 42       		.byte	66
 203 00ae 84       		.byte	-124
 204 00af 05       		.byte	5
 205 00b0 85       		.byte	-123
 206 00b1 59       		.byte	89
 207 00b2 86       		.byte	-122
 208 00b3 18       		.byte	24
 209 00b4 87       		.byte	-121
 210 00b5 04       		.byte	4
 211 00b6 8A       		.byte	-118
 212 00b7 02       		.byte	2
 213 00b8 8B       		.byte	-117
 214 00b9 46       		.byte	70
 215 00ba 8C       		.byte	-116
 216 00bb 1D       		.byte	29
 217 00bc 8D       		.byte	-115
 218 00bd 5F       		.byte	95
 219 00be 90       		.byte	-112
 220 00bf 10       		.byte	16
 221 00c0 91       		.byte	-111
 222 00c1 01       		.byte	1
 223 00c2 94       		.byte	-108
 224 00c3 18       		.byte	24
 225 00c4 95       		.byte	-107
 226 00c5 18       		.byte	24
 227 00c6 98       		.byte	-104
 228 00c7 08       		.byte	8
ARM GAS  C:\Users\ANNASP~1\AppData\Local\Temp\ccK5ANzT.s 			page 5


 229 00c8 9B       		.byte	-101
 230 00c9 01       		.byte	1
 231 00ca 9E       		.byte	-98
 232 00cb 02       		.byte	2
 233 00cc 9F       		.byte	-97
 234 00cd 20       		.byte	32
 235 00ce A3       		.byte	-93
 236 00cf 20       		.byte	32
 237 00d0 A5       		.byte	-91
 238 00d1 08       		.byte	8
 239 00d2 A6       		.byte	-90
 240 00d3 04       		.byte	4
 241 00d4 A8       		.byte	-88
 242 00d5 18       		.byte	24
 243 00d6 A9       		.byte	-87
 244 00d7 47       		.byte	71
 245 00d8 AA       		.byte	-86
 246 00d9 05       		.byte	5
 247 00da AB       		.byte	-85
 248 00db 18       		.byte	24
 249 00dc AC       		.byte	-84
 250 00dd 18       		.byte	24
 251 00de AD       		.byte	-83
 252 00df 10       		.byte	16
 253 00e0 AE       		.byte	-82
 254 00e1 05       		.byte	5
 255 00e2 B2       		.byte	-78
 256 00e3 01       		.byte	1
 257 00e4 B3       		.byte	-77
 258 00e5 1F       		.byte	31
 259 00e6 B4       		.byte	-76
 260 00e7 02       		.byte	2
 261 00e8 B5       		.byte	-75
 262 00e9 20       		.byte	32
 263 00ea B6       		.byte	-74
 264 00eb 1C       		.byte	28
 265 00ec B7       		.byte	-73
 266 00ed 58       		.byte	88
 267 00ee B8       		.byte	-72
 268 00ef 08       		.byte	8
 269 00f0 BA       		.byte	-70
 270 00f1 82       		.byte	-126
 271 00f2 BB       		.byte	-69
 272 00f3 08       		.byte	8
 273 00f4 BE       		.byte	-66
 274 00f5 10       		.byte	16
 275 00f6 BF       		.byte	-65
 276 00f7 10       		.byte	16
 277 00f8 D4       		.byte	-44
 278 00f9 18       		.byte	24
 279 00fa D6       		.byte	-42
 280 00fb 04       		.byte	4
 281 00fc D8       		.byte	-40
 282 00fd 04       		.byte	4
 283 00fe D9       		.byte	-39
 284 00ff 04       		.byte	4
 285 0100 DB       		.byte	-37
ARM GAS  C:\Users\ANNASP~1\AppData\Local\Temp\ccK5ANzT.s 			page 6


 286 0101 04       		.byte	4
 287 0102 DC       		.byte	-36
 288 0103 33       		.byte	51
 289 0104 DD       		.byte	-35
 290 0105 30       		.byte	48
 291 0106 DF       		.byte	-33
 292 0107 01       		.byte	1
 293 0108 00       		.byte	0
 294 0109 48       		.byte	72
 295 010a 03       		.byte	3
 296 010b 08       		.byte	8
 297 010c 08       		.byte	8
 298 010d 11       		.byte	17
 299 010e 09       		.byte	9
 300 010f 08       		.byte	8
 301 0110 0B       		.byte	11
 302 0111 02       		.byte	2
 303 0112 0E       		.byte	14
 304 0113 01       		.byte	1
 305 0114 0F       		.byte	15
 306 0115 02       		.byte	2
 307 0116 12       		.byte	18
 308 0117 29       		.byte	41
 309 0118 18       		.byte	24
 310 0119 44       		.byte	68
 311 011a 1B       		.byte	27
 312 011b 48       		.byte	72
 313 011c 1E       		.byte	30
 314 011d 08       		.byte	8
 315 011e 21       		.byte	33
 316 011f 24       		.byte	36
 317 0120 22       		.byte	34
 318 0121 4C       		.byte	76
 319 0122 26       		.byte	38
 320 0123 40       		.byte	64
 321 0124 28       		.byte	40
 322 0125 11       		.byte	17
 323 0126 29       		.byte	41
 324 0127 62       		.byte	98
 325 0128 2A       		.byte	42
 326 0129 08       		.byte	8
 327 012a 2F       		.byte	47
 328 012b 64       		.byte	100
 329 012c 30       		.byte	48
 330 012d 02       		.byte	2
 331 012e 31       		.byte	49
 332 012f 0C       		.byte	12
 333 0130 32       		.byte	50
 334 0131 50       		.byte	80
 335 0132 37       		.byte	55
 336 0133 08       		.byte	8
 337 0134 38       		.byte	56
 338 0135 40       		.byte	64
 339 0136 39       		.byte	57
 340 0137 28       		.byte	40
 341 0138 3A       		.byte	58
 342 0139 01       		.byte	1
ARM GAS  C:\Users\ANNASP~1\AppData\Local\Temp\ccK5ANzT.s 			page 7


 343 013a 3F       		.byte	63
 344 013b 04       		.byte	4
 345 013c 59       		.byte	89
 346 013d 81       		.byte	-127
 347 013e 5A       		.byte	90
 348 013f 80       		.byte	-128
 349 0140 5D       		.byte	93
 350 0141 10       		.byte	16
 351 0142 5E       		.byte	94
 352 0143 89       		.byte	-119
 353 0144 60       		.byte	96
 354 0145 04       		.byte	4
 355 0146 62       		.byte	98
 356 0147 40       		.byte	64
 357 0148 63       		.byte	99
 358 0149 40       		.byte	64
 359 014a 87       		.byte	-121
 360 014b 40       		.byte	64
 361 014c B5       		.byte	-75
 362 014d 02       		.byte	2
 363 014e C0       		.byte	-64
 364 014f 07       		.byte	7
 365 0150 C2       		.byte	-62
 366 0151 8F       		.byte	-113
 367 0152 C4       		.byte	-60
 368 0153 07       		.byte	7
 369 0154 CA       		.byte	-54
 370 0155 EF       		.byte	-17
 371 0156 CC       		.byte	-52
 372 0157 4F       		.byte	79
 373 0158 CE       		.byte	-50
 374 0159 4F       		.byte	79
 375 015a D6       		.byte	-42
 376 015b F1       		.byte	-15
 377 015c D8       		.byte	-40
 378 015d 0D       		.byte	13
 379 015e B8       		.byte	-72
 380 015f 02       		.byte	2
 381 0160 BE       		.byte	-66
 382 0161 01       		.byte	1
 383 0162 D8       		.byte	-40
 384 0163 04       		.byte	4
 385 0164 DF       		.byte	-33
 386 0165 01       		.byte	1
 387 0166 1D       		.byte	29
 388 0167 02       		.byte	2
 389 0168 40       		.byte	64
 390 0169 30       		.byte	48
 391 016a 41       		.byte	65
 392 016b 02       		.byte	2
 393 016c 49       		.byte	73
 394 016d FF       		.byte	-1
 395 016e 4A       		.byte	74
 396 016f FF       		.byte	-1
 397 0170 4B       		.byte	75
 398 0171 FF       		.byte	-1
 399 0172 4D       		.byte	77
ARM GAS  C:\Users\ANNASP~1\AppData\Local\Temp\ccK5ANzT.s 			page 8


 400 0173 A0       		.byte	-96
 401 0174 4F       		.byte	79
 402 0175 04       		.byte	4
 403 0176 50       		.byte	80
 404 0177 18       		.byte	24
 405 0178 5A       		.byte	90
 406 0179 04       		.byte	4
 407 017a 5F       		.byte	95
 408 017b 01       		.byte	1
 409 017c 60       		.byte	96
 410 017d 40       		.byte	64
 411 017e 62       		.byte	98
 412 017f C0       		.byte	-64
 413 0180 64       		.byte	100
 414 0181 40       		.byte	64
 415 0182 65       		.byte	101
 416 0183 40       		.byte	64
 417 0184 66       		.byte	102
 418 0185 C0       		.byte	-64
 419 0186 68       		.byte	104
 420 0187 C0       		.byte	-64
 421 0188 6A       		.byte	106
 422 0189 C0       		.byte	-64
 423 018a 6C       		.byte	108
 424 018b C0       		.byte	-64
 425 018c 6E       		.byte	110
 426 018d C0       		.byte	-64
 427 018e 82       		.byte	-126
 428 018f 02       		.byte	2
 429 0190 88       		.byte	-120
 430 0191 08       		.byte	8
 431 0192 96       		.byte	-106
 432 0193 06       		.byte	6
 433 0194 9E       		.byte	-98
 434 0195 04       		.byte	4
 435 0196 AE       		.byte	-82
 436 0197 01       		.byte	1
 437 0198 B0       		.byte	-80
 438 0199 08       		.byte	8
 439 019a B2       		.byte	-78
 440 019b 01       		.byte	1
 441 019c B4       		.byte	-76
 442 019d 06       		.byte	6
 443 019e BE       		.byte	-66
 444 019f 01       		.byte	1
 445 01a0 C0       		.byte	-64
 446 01a1 30       		.byte	48
 447 01a2 C1       		.byte	-63
 448 01a3 02       		.byte	2
 449 01a4 C5       		.byte	-59
 450 01a5 10       		.byte	16
 451 01a6 C6       		.byte	-58
 452 01a7 20       		.byte	32
 453 01a8 C8       		.byte	-56
 454 01a9 0E       		.byte	14
 455 01aa C9       		.byte	-55
 456 01ab FF       		.byte	-1
ARM GAS  C:\Users\ANNASP~1\AppData\Local\Temp\ccK5ANzT.s 			page 9


 457 01ac CA       		.byte	-54
 458 01ad FF       		.byte	-1
 459 01ae CB       		.byte	-53
 460 01af FF       		.byte	-1
 461 01b0 CD       		.byte	-51
 462 01b1 AF       		.byte	-81
 463 01b2 CE       		.byte	-50
 464 01b3 0F       		.byte	15
 465 01b4 CF       		.byte	-49
 466 01b5 04       		.byte	4
 467 01b6 D0       		.byte	-48
 468 01b7 18       		.byte	24
 469 01b8 D2       		.byte	-46
 470 01b9 80       		.byte	-128
 471 01ba D8       		.byte	-40
 472 01bb 04       		.byte	4
 473 01bc DA       		.byte	-38
 474 01bd 04       		.byte	4
 475 01be DB       		.byte	-37
 476 01bf 04       		.byte	4
 477 01c0 DF       		.byte	-33
 478 01c1 01       		.byte	1
 479 01c2 E0       		.byte	-32
 480 01c3 40       		.byte	64
 481 01c4 E2       		.byte	-30
 482 01c5 C0       		.byte	-64
 483 01c6 E4       		.byte	-28
 484 01c7 40       		.byte	64
 485 01c8 E5       		.byte	-27
 486 01c9 40       		.byte	64
 487 01ca E6       		.byte	-26
 488 01cb C0       		.byte	-64
 489 01cc E8       		.byte	-24
 490 01cd C0       		.byte	-64
 491 01ce EA       		.byte	-22
 492 01cf C0       		.byte	-64
 493 01d0 EC       		.byte	-20
 494 01d1 C0       		.byte	-64
 495 01d2 EE       		.byte	-18
 496 01d3 C0       		.byte	-64
 497 01d4 05       		.byte	5
 498 01d5 10       		.byte	16
 499 01d6 06       		.byte	6
 500 01d7 40       		.byte	64
 501 01d8 0D       		.byte	13
 502 01d9 08       		.byte	8
 503 01da 0F       		.byte	15
 504 01db 01       		.byte	1
 505 01dc 17       		.byte	23
 506 01dd 80       		.byte	-128
 507 01de 1C       		.byte	28
 508 01df 10       		.byte	16
 509 01e0 1D       		.byte	29
 510 01e1 18       		.byte	24
 511 01e2 1E       		.byte	30
 512 01e3 40       		.byte	64
 513 01e4 40       		.byte	64
ARM GAS  C:\Users\ANNASP~1\AppData\Local\Temp\ccK5ANzT.s 			page 10


 514 01e5 10       		.byte	16
 515 01e6 41       		.byte	65
 516 01e7 20       		.byte	32
 517 01e8 45       		.byte	69
 518 01e9 28       		.byte	40
 519 01ea 4F       		.byte	79
 520 01eb 01       		.byte	1
 521 01ec 55       		.byte	85
 522 01ed 20       		.byte	32
 523 01ee 56       		.byte	86
 524 01ef 40       		.byte	64
 525 01f0 77       		.byte	119
 526 01f1 80       		.byte	-128
 527 01f2 8E       		.byte	-114
 528 01f3 40       		.byte	64
 529 01f4 9D       		.byte	-99
 530 01f5 10       		.byte	16
 531 01f6 C0       		.byte	-64
 532 01f7 50       		.byte	80
 533 01f8 C2       		.byte	-62
 534 01f9 A0       		.byte	-96
 535 01fa C4       		.byte	-60
 536 01fb 80       		.byte	-128
 537 01fc D0       		.byte	-48
 538 01fd 66       		.byte	102
 539 01fe E6       		.byte	-26
 540 01ff 40       		.byte	64
 541 0200 E8       		.byte	-24
 542 0201 20       		.byte	32
 543 0202 EC       		.byte	-20
 544 0203 10       		.byte	16
 545 0204 9D       		.byte	-99
 546 0205 10       		.byte	16
 547 0206 04       		.byte	4
 548 0207 03       		.byte	3
 549 0208 05       		.byte	5
 550 0209 02       		.byte	2
 551 020a 06       		.byte	6
 552 020b 04       		.byte	4
 553 020c 0A       		.byte	10
 554 020d 08       		.byte	8
 555 020e 17       		.byte	23
 556 020f 01       		.byte	1
 557 0210 1A       		.byte	26
 558 0211 05       		.byte	5
 559 0212 1C       		.byte	28
 560 0213 03       		.byte	3
 561 0214 1E       		.byte	30
 562 0215 0C       		.byte	12
 563 0216 21       		.byte	33
 564 0217 01       		.byte	1
 565 0218 24       		.byte	36
 566 0219 0A       		.byte	10
 567 021a 26       		.byte	38
 568 021b 04       		.byte	4
 569 021c 28       		.byte	40
 570 021d 03       		.byte	3
ARM GAS  C:\Users\ANNASP~1\AppData\Local\Temp\ccK5ANzT.s 			page 11


 571 021e 29       		.byte	41
 572 021f 01       		.byte	1
 573 0220 2A       		.byte	42
 574 0221 04       		.byte	4
 575 0222 33       		.byte	51
 576 0223 03       		.byte	3
 577 0224 36       		.byte	54
 578 0225 0F       		.byte	15
 579 0226 39       		.byte	57
 580 0227 08       		.byte	8
 581 0228 3A       		.byte	58
 582 0229 80       		.byte	-128
 583 022a 58       		.byte	88
 584 022b 04       		.byte	4
 585 022c 59       		.byte	89
 586 022d 04       		.byte	4
 587 022e 5C       		.byte	92
 588 022f 33       		.byte	51
 589 0230 5F       		.byte	95
 590 0231 01       		.byte	1
 591 0232 00       		.byte	0
 592 0233 46       		.byte	70
 593 0234 01       		.byte	1
 594 0235 20       		.byte	32
 595 0236 04       		.byte	4
 596 0237 10       		.byte	16
 597 0238 06       		.byte	6
 598 0239 10       		.byte	16
 599 023a 09       		.byte	9
 600 023b 08       		.byte	8
 601 023c 0A       		.byte	10
 602 023d 84       		.byte	-124
 603 023e 0E       		.byte	14
 604 023f 01       		.byte	1
 605 0240 0F       		.byte	15
 606 0241 04       		.byte	4
 607 0242 10       		.byte	16
 608 0243 90       		.byte	-112
 609 0244 12       		.byte	18
 610 0245 01       		.byte	1
 611 0246 13       		.byte	19
 612 0247 10       		.byte	16
 613 0248 14       		.byte	20
 614 0249 04       		.byte	4
 615 024a 17       		.byte	23
 616 024b 08       		.byte	8
 617 024c 18       		.byte	24
 618 024d 01       		.byte	1
 619 024e 19       		.byte	25
 620 024f 21       		.byte	33
 621 0250 1E       		.byte	30
 622 0251 01       		.byte	1
 623 0252 1F       		.byte	31
 624 0253 40       		.byte	64
 625 0254 21       		.byte	33
 626 0255 10       		.byte	16
 627 0256 22       		.byte	34
ARM GAS  C:\Users\ANNASP~1\AppData\Local\Temp\ccK5ANzT.s 			page 12


 628 0257 20       		.byte	32
 629 0258 23       		.byte	35
 630 0259 20       		.byte	32
 631 025a 24       		.byte	36
 632 025b 10       		.byte	16
 633 025c 27       		.byte	39
 634 025d 10       		.byte	16
 635 025e 29       		.byte	41
 636 025f 20       		.byte	32
 637 0260 2A       		.byte	42
 638 0261 01       		.byte	1
 639 0262 2B       		.byte	43
 640 0263 40       		.byte	64
 641 0264 2C       		.byte	44
 642 0265 04       		.byte	4
 643 0266 2F       		.byte	47
 644 0267 44       		.byte	68
 645 0268 31       		.byte	49
 646 0269 08       		.byte	8
 647 026a 32       		.byte	50
 648 026b 04       		.byte	4
 649 026c 33       		.byte	51
 650 026d 01       		.byte	1
 651 026e 37       		.byte	55
 652 026f 08       		.byte	8
 653 0270 38       		.byte	56
 654 0271 40       		.byte	64
 655 0272 39       		.byte	57
 656 0273 14       		.byte	20
 657 0274 3F       		.byte	63
 658 0275 04       		.byte	4
 659 0276 40       		.byte	64
 660 0277 41       		.byte	65
 661 0278 41       		.byte	65
 662 0279 10       		.byte	16
 663 027a 42       		.byte	66
 664 027b 04       		.byte	4
 665 027c 48       		.byte	72
 666 027d 04       		.byte	4
 667 027e 49       		.byte	73
 668 027f A2       		.byte	-94
 669 0280 53       		.byte	83
 670 0281 01       		.byte	1
 671 0282 5B       		.byte	91
 672 0283 20       		.byte	32
 673 0284 69       		.byte	105
 674 0285 14       		.byte	20
 675 0286 6B       		.byte	107
 676 0287 01       		.byte	1
 677 0288 70       		.byte	112
 678 0289 80       		.byte	-128
 679 028a 71       		.byte	113
 680 028b 44       		.byte	68
 681 028c 72       		.byte	114
 682 028d 08       		.byte	8
 683 028e 73       		.byte	115
 684 028f 10       		.byte	16
ARM GAS  C:\Users\ANNASP~1\AppData\Local\Temp\ccK5ANzT.s 			page 13


 685 0290 90       		.byte	-112
 686 0291 40       		.byte	64
 687 0292 92       		.byte	-110
 688 0293 08       		.byte	8
 689 0294 95       		.byte	-107
 690 0295 20       		.byte	32
 691 0296 96       		.byte	-106
 692 0297 20       		.byte	32
 693 0298 97       		.byte	-105
 694 0299 8E       		.byte	-114
 695 029a 98       		.byte	-104
 696 029b 10       		.byte	16
 697 029c 99       		.byte	-103
 698 029d 80       		.byte	-128
 699 029e 9D       		.byte	-99
 700 029f 67       		.byte	103
 701 02a0 9E       		.byte	-98
 702 02a1 09       		.byte	9
 703 02a2 9F       		.byte	-97
 704 02a3 08       		.byte	8
 705 02a4 A3       		.byte	-93
 706 02a5 40       		.byte	64
 707 02a6 A4       		.byte	-92
 708 02a7 06       		.byte	6
 709 02a8 A6       		.byte	-90
 710 02a9 20       		.byte	32
 711 02aa A7       		.byte	-89
 712 02ab 21       		.byte	33
 713 02ac B1       		.byte	-79
 714 02ad 30       		.byte	48
 715 02ae B2       		.byte	-78
 716 02af 40       		.byte	64
 717 02b0 B3       		.byte	-77
 718 02b1 20       		.byte	32
 719 02b2 C0       		.byte	-64
 720 02b3 6F       		.byte	111
 721 02b4 C2       		.byte	-62
 722 02b5 CE       		.byte	-50
 723 02b6 C4       		.byte	-60
 724 02b7 6F       		.byte	111
 725 02b8 CA       		.byte	-54
 726 02b9 A5       		.byte	-91
 727 02ba CC       		.byte	-52
 728 02bb 43       		.byte	67
 729 02bc CE       		.byte	-50
 730 02bd 4E       		.byte	78
 731 02be D0       		.byte	-48
 732 02bf 0D       		.byte	13
 733 02c0 D2       		.byte	-46
 734 02c1 0C       		.byte	12
 735 02c2 D6       		.byte	-42
 736 02c3 04       		.byte	4
 737 02c4 04       		.byte	4
 738 02c5 04       		.byte	4
 739 02c6 05       		.byte	5
 740 02c7 03       		.byte	3
 741 02c8 06       		.byte	6
ARM GAS  C:\Users\ANNASP~1\AppData\Local\Temp\ccK5ANzT.s 			page 14


 742 02c9 0A       		.byte	10
 743 02ca 09       		.byte	9
 744 02cb 03       		.byte	3
 745 02cc 10       		.byte	16
 746 02cd 08       		.byte	8
 747 02ce 11       		.byte	17
 748 02cf 01       		.byte	1
 749 02d0 12       		.byte	18
 750 02d1 04       		.byte	4
 751 02d2 13       		.byte	19
 752 02d3 06       		.byte	6
 753 02d4 1C       		.byte	28
 754 02d5 01       		.byte	1
 755 02d6 1D       		.byte	29
 756 02d7 02       		.byte	2
 757 02d8 1F       		.byte	31
 758 02d9 01       		.byte	1
 759 02da 24       		.byte	36
 760 02db 0E       		.byte	14
 761 02dc 28       		.byte	40
 762 02dd 0E       		.byte	14
 763 02de 2C       		.byte	44
 764 02df 02       		.byte	2
 765 02e0 2E       		.byte	46
 766 02e1 04       		.byte	4
 767 02e2 30       		.byte	48
 768 02e3 01       		.byte	1
 769 02e4 34       		.byte	52
 770 02e5 0E       		.byte	14
 771 02e6 35       		.byte	53
 772 02e7 04       		.byte	4
 773 02e8 37       		.byte	55
 774 02e9 03       		.byte	3
 775 02ea 3E       		.byte	62
 776 02eb 01       		.byte	1
 777 02ec 40       		.byte	64
 778 02ed 06       		.byte	6
 779 02ee 47       		.byte	71
 780 02ef 40       		.byte	64
 781 02f0 49       		.byte	73
 782 02f1 FF       		.byte	-1
 783 02f2 4A       		.byte	74
 784 02f3 07       		.byte	7
 785 02f4 4B       		.byte	75
 786 02f5 FF       		.byte	-1
 787 02f6 4C       		.byte	76
 788 02f7 40       		.byte	64
 789 02f8 4D       		.byte	77
 790 02f9 20       		.byte	32
 791 02fa 4E       		.byte	78
 792 02fb F0       		.byte	-16
 793 02fc 4F       		.byte	79
 794 02fd 05       		.byte	5
 795 02fe 50       		.byte	80
 796 02ff 08       		.byte	8
 797 0300 58       		.byte	88
 798 0301 04       		.byte	4
ARM GAS  C:\Users\ANNASP~1\AppData\Local\Temp\ccK5ANzT.s 			page 15


 799 0302 59       		.byte	89
 800 0303 04       		.byte	4
 801 0304 5A       		.byte	90
 802 0305 04       		.byte	4
 803 0306 5C       		.byte	92
 804 0307 33       		.byte	51
 805 0308 5D       		.byte	93
 806 0309 03       		.byte	3
 807 030a 5F       		.byte	95
 808 030b 01       		.byte	1
 809 030c 60       		.byte	96
 810 030d 40       		.byte	64
 811 030e 61       		.byte	97
 812 030f A8       		.byte	-88
 813 0310 62       		.byte	98
 814 0311 40       		.byte	64
 815 0312 63       		.byte	99
 816 0313 20       		.byte	32
 817 0314 84       		.byte	-124
 818 0315 09       		.byte	9
 819 0316 86       		.byte	-122
 820 0317 D0       		.byte	-48
 821 0318 87       		.byte	-121
 822 0319 13       		.byte	19
 823 031a 88       		.byte	-120
 824 031b DC       		.byte	-36
 825 031c 8A       		.byte	-118
 826 031d 22       		.byte	34
 827 031e 8E       		.byte	-114
 828 031f 03       		.byte	3
 829 0320 94       		.byte	-108
 830 0321 0C       		.byte	12
 831 0322 95       		.byte	-107
 832 0323 2C       		.byte	44
 833 0324 96       		.byte	-106
 834 0325 71       		.byte	113
 835 0326 97       		.byte	-105
 836 0327 03       		.byte	3
 837 0328 98       		.byte	-104
 838 0329 14       		.byte	20
 839 032a 9B       		.byte	-101
 840 032b 0C       		.byte	12
 841 032c 9C       		.byte	-100
 842 032d 10       		.byte	16
 843 032e 9E       		.byte	-98
 844 032f AC       		.byte	-84
 845 0330 A0       		.byte	-96
 846 0331 10       		.byte	16
 847 0332 A1       		.byte	-95
 848 0333 31       		.byte	49
 849 0334 A2       		.byte	-94
 850 0335 40       		.byte	64
 851 0336 A3       		.byte	-93
 852 0337 06       		.byte	6
 853 0338 A9       		.byte	-87
 854 0339 31       		.byte	49
 855 033a AA       		.byte	-86
ARM GAS  C:\Users\ANNASP~1\AppData\Local\Temp\ccK5ANzT.s 			page 16


 856 033b 20       		.byte	32
 857 033c AB       		.byte	-85
 858 033d 0E       		.byte	14
 859 033e AF       		.byte	-81
 860 033f 08       		.byte	8
 861 0340 B2       		.byte	-78
 862 0341 E0       		.byte	-32
 863 0342 B3       		.byte	-77
 864 0343 30       		.byte	48
 865 0344 B5       		.byte	-75
 866 0345 0F       		.byte	15
 867 0346 B6       		.byte	-74
 868 0347 1F       		.byte	31
 869 0348 B9       		.byte	-71
 870 0349 08       		.byte	8
 871 034a BA       		.byte	-70
 872 034b 08       		.byte	8
 873 034c BB       		.byte	-69
 874 034d 20       		.byte	32
 875 034e BF       		.byte	-65
 876 034f 04       		.byte	4
 877 0350 C0       		.byte	-64
 878 0351 42       		.byte	66
 879 0352 C1       		.byte	-63
 880 0353 03       		.byte	3
 881 0354 C5       		.byte	-59
 882 0355 0B       		.byte	11
 883 0356 C6       		.byte	-58
 884 0357 C0       		.byte	-64
 885 0358 C7       		.byte	-57
 886 0359 E0       		.byte	-32
 887 035a C8       		.byte	-56
 888 035b 29       		.byte	41
 889 035c C9       		.byte	-55
 890 035d FF       		.byte	-1
 891 035e CA       		.byte	-54
 892 035f FF       		.byte	-1
 893 0360 CB       		.byte	-53
 894 0361 FF       		.byte	-1
 895 0362 CE       		.byte	-50
 896 0363 F0       		.byte	-16
 897 0364 CF       		.byte	-49
 898 0365 44       		.byte	68
 899 0366 D0       		.byte	-48
 900 0367 0C       		.byte	12
 901 0368 D8       		.byte	-40
 902 0369 04       		.byte	4
 903 036a D9       		.byte	-39
 904 036b 04       		.byte	4
 905 036c DA       		.byte	-38
 906 036d 04       		.byte	4
 907 036e DC       		.byte	-36
 908 036f 33       		.byte	51
 909 0370 DD       		.byte	-35
 910 0371 03       		.byte	3
 911 0372 DF       		.byte	-33
 912 0373 01       		.byte	1
ARM GAS  C:\Users\ANNASP~1\AppData\Local\Temp\ccK5ANzT.s 			page 17


 913 0374 E6       		.byte	-26
 914 0375 C0       		.byte	-64
 915 0376 EA       		.byte	-22
 916 0377 40       		.byte	64
 917 0378 EB       		.byte	-21
 918 0379 02       		.byte	2
 919 037a 00       		.byte	0
 920 037b 04       		.byte	4
 921 037c 05       		.byte	5
 922 037d 40       		.byte	64
 923 037e 07       		.byte	7
 924 037f 18       		.byte	24
 925 0380 0A       		.byte	10
 926 0381 81       		.byte	-127
 927 0382 0C       		.byte	12
 928 0383 40       		.byte	64
 929 0384 0D       		.byte	13
 930 0385 08       		.byte	8
 931 0386 0F       		.byte	15
 932 0387 08       		.byte	8
 933 0388 10       		.byte	16
 934 0389 02       		.byte	2
 935 038a 11       		.byte	17
 936 038b 14       		.byte	20
 937 038c 15       		.byte	21
 938 038d 02       		.byte	2
 939 038e 16       		.byte	22
 940 038f 08       		.byte	8
 941 0390 18       		.byte	24
 942 0391 44       		.byte	68
 943 0392 1D       		.byte	29
 944 0393 48       		.byte	72
 945 0394 1E       		.byte	30
 946 0395 01       		.byte	1
 947 0396 1F       		.byte	31
 948 0397 04       		.byte	4
 949 0398 22       		.byte	34
 950 0399 50       		.byte	80
 951 039a 26       		.byte	38
 952 039b 04       		.byte	4
 953 039c 27       		.byte	39
 954 039d 08       		.byte	8
 955 039e 2C       		.byte	44
 956 039f 40       		.byte	64
 957 03a0 2F       		.byte	47
 958 03a1 46       		.byte	70
 959 03a2 30       		.byte	48
 960 03a3 02       		.byte	2
 961 03a4 32       		.byte	50
 962 03a5 40       		.byte	64
 963 03a6 37       		.byte	55
 964 03a7 18       		.byte	24
 965 03a8 39       		.byte	57
 966 03a9 14       		.byte	20
 967 03aa 3E       		.byte	62
 968 03ab 08       		.byte	8
 969 03ac 3F       		.byte	63
ARM GAS  C:\Users\ANNASP~1\AppData\Local\Temp\ccK5ANzT.s 			page 18


 970 03ad 04       		.byte	4
 971 03ae 44       		.byte	68
 972 03af 40       		.byte	64
 973 03b0 45       		.byte	69
 974 03b1 08       		.byte	8
 975 03b2 46       		.byte	70
 976 03b3 08       		.byte	8
 977 03b4 4A       		.byte	74
 978 03b5 04       		.byte	4
 979 03b6 4B       		.byte	75
 980 03b7 04       		.byte	4
 981 03b8 4F       		.byte	79
 982 03b9 08       		.byte	8
 983 03ba 51       		.byte	81
 984 03bb 01       		.byte	1
 985 03bc 53       		.byte	83
 986 03bd 02       		.byte	2
 987 03be 56       		.byte	86
 988 03bf 10       		.byte	16
 989 03c0 57       		.byte	87
 990 03c1 21       		.byte	33
 991 03c2 80       		.byte	-128
 992 03c3 40       		.byte	64
 993 03c4 88       		.byte	-120
 994 03c5 03       		.byte	3
 995 03c6 91       		.byte	-111
 996 03c7 14       		.byte	20
 997 03c8 93       		.byte	-109
 998 03c9 80       		.byte	-128
 999 03ca 94       		.byte	-108
 1000 03cb 04       		.byte	4
 1001 03cc 96       		.byte	-106
 1002 03cd A0       		.byte	-96
 1003 03ce 97       		.byte	-105
 1004 03cf 0C       		.byte	12
 1005 03d0 9B       		.byte	-101
 1006 03d1 10       		.byte	16
 1007 03d2 9E       		.byte	-98
 1008 03d3 10       		.byte	16
 1009 03d4 9F       		.byte	-97
 1010 03d5 08       		.byte	8
 1011 03d6 A4       		.byte	-92
 1012 03d7 03       		.byte	3
 1013 03d8 A7       		.byte	-89
 1014 03d9 21       		.byte	33
 1015 03da C0       		.byte	-64
 1016 03db E4       		.byte	-28
 1017 03dc C2       		.byte	-62
 1018 03dd E9       		.byte	-23
 1019 03de C4       		.byte	-60
 1020 03df 57       		.byte	87
 1021 03e0 CA       		.byte	-54
 1022 03e1 B0       		.byte	-80
 1023 03e2 CC       		.byte	-52
 1024 03e3 69       		.byte	105
 1025 03e4 CE       		.byte	-50
 1026 03e5 46       		.byte	70
ARM GAS  C:\Users\ANNASP~1\AppData\Local\Temp\ccK5ANzT.s 			page 19


 1027 03e6 D0       		.byte	-48
 1028 03e7 E0       		.byte	-32
 1029 03e8 D2       		.byte	-46
 1030 03e9 04       		.byte	4
 1031 03ea E4       		.byte	-28
 1032 03eb 04       		.byte	4
 1033 03ec E8       		.byte	-24
 1034 03ed 20       		.byte	32
 1035 03ee EC       		.byte	-20
 1036 03ef 10       		.byte	16
 1037 03f0 32       		.byte	50
 1038 03f1 20       		.byte	32
 1039 03f2 33       		.byte	51
 1040 03f3 02       		.byte	2
 1041 03f4 35       		.byte	53
 1042 03f5 88       		.byte	-120
 1043 03f6 3C       		.byte	60
 1044 03f7 40       		.byte	64
 1045 03f8 53       		.byte	83
 1046 03f9 02       		.byte	2
 1047 03fa 59       		.byte	89
 1048 03fb 80       		.byte	-128
 1049 03fc CC       		.byte	-52
 1050 03fd F0       		.byte	-16
 1051 03fe CE       		.byte	-50
 1052 03ff 20       		.byte	32
 1053 0400 94       		.byte	-108
 1054 0401 40       		.byte	64
 1055 0402 9D       		.byte	-99
 1056 0403 88       		.byte	-120
 1057 0404 A6       		.byte	-90
 1058 0405 20       		.byte	32
 1059 0406 94       		.byte	-108
 1060 0407 40       		.byte	64
 1061 0408 9D       		.byte	-99
 1062 0409 88       		.byte	-120
 1063 040a A6       		.byte	-90
 1064 040b 20       		.byte	32
 1065 040c 86       		.byte	-122
 1066 040d 20       		.byte	32
 1067 040e 8D       		.byte	-115
 1068 040f 08       		.byte	8
 1069 0410 94       		.byte	-108
 1070 0411 40       		.byte	64
 1071 0412 9D       		.byte	-99
 1072 0413 88       		.byte	-120
 1073 0414 A6       		.byte	-90
 1074 0415 20       		.byte	32
 1075 0416 E6       		.byte	-26
 1076 0417 40       		.byte	64
 1077 0418 7C       		.byte	124
 1078 0419 01       		.byte	1
 1079 041a DE       		.byte	-34
 1080 041b 01       		.byte	1
 1081 041c 30       		.byte	48
 1082 041d 20       		.byte	32
 1083 041e 94       		.byte	-108
ARM GAS  C:\Users\ANNASP~1\AppData\Local\Temp\ccK5ANzT.s 			page 20


 1084 041f 01       		.byte	1
 1085 0420 CC       		.byte	-52
 1086 0421 08       		.byte	8
 1087 0422 44       		.byte	68
 1088 0423 10       		.byte	16
 1089 0424 94       		.byte	-108
 1090 0425 01       		.byte	1
 1091 0426 A4       		.byte	-92
 1092 0427 20       		.byte	32
 1093 0428 D0       		.byte	-48
 1094 0429 01       		.byte	1
 1095 042a 9C       		.byte	-100
 1096 042b 10       		.byte	16
 1097 042c A4       		.byte	-92
 1098 042d 20       		.byte	32
 1099 042e B4       		.byte	-76
 1100 042f 01       		.byte	1
 1101 0430 EC       		.byte	-20
 1102 0431 08       		.byte	8
 1103 0432 21       		.byte	33
 1104 0433 01       		.byte	1
 1105 0434 24       		.byte	36
 1106 0435 C0       		.byte	-64
 1107 0436 94       		.byte	-108
 1108 0437 40       		.byte	64
 1109 0438 9D       		.byte	-99
 1110 0439 80       		.byte	-128
 1111 043a C8       		.byte	-56
 1112 043b C0       		.byte	-64
 1113 043c 8D       		.byte	-115
 1114 043d 80       		.byte	-128
 1115 043e 9D       		.byte	-99
 1116 043f 80       		.byte	-128
 1117 0440 B1       		.byte	-79
 1118 0441 01       		.byte	1
 1119 0442 B4       		.byte	-76
 1120 0443 40       		.byte	64
 1121 0444 9C       		.byte	-100
 1122 0445 10       		.byte	16
 1123 0446 A4       		.byte	-92
 1124 0447 20       		.byte	32
 1125 0448 10       		.byte	16
 1126 0449 C0       		.byte	-64
 1127 044a 70       		.byte	112
 1128 044b 01       		.byte	1
 1129 044c 80       		.byte	-128
 1130 044d 01       		.byte	1
 1131 044e 88       		.byte	-120
 1132 044f C0       		.byte	-64
 1133 0450 B0       		.byte	-80
 1134 0451 10       		.byte	16
 1135 0452 B4       		.byte	-76
 1136 0453 20       		.byte	32
 1137 0454 C4       		.byte	-60
 1138 0455 08       		.byte	8
 1139 0456 DC       		.byte	-36
 1140 0457 01       		.byte	1
ARM GAS  C:\Users\ANNASP~1\AppData\Local\Temp\ccK5ANzT.s 			page 21


 1141 0458 E2       		.byte	-30
 1142 0459 01       		.byte	1
 1143 045a E6       		.byte	-26
 1144 045b 01       		.byte	1
 1145 045c E8       		.byte	-24
 1146 045d 04       		.byte	4
 1147 045e EC       		.byte	-20
 1148 045f 08       		.byte	8
 1149 0460 00       		.byte	0
 1150 0461 08       		.byte	8
 1151 0462 0C       		.byte	12
 1152 0463 08       		.byte	8
 1153 0464 10       		.byte	16
 1154 0465 09       		.byte	9
 1155 0466 1A       		.byte	26
 1156 0467 01       		.byte	1
 1157 0468 1C       		.byte	28
 1158 0469 08       		.byte	8
 1159 046a 00       		.byte	0
 1160 046b FF       		.byte	-1
 1161 046c 10       		.byte	16
 1162 046d 02       		.byte	2
 1163 046e 00       		.byte	0
 1164 046f 00       		.byte	0
 1165 0470 11       		.byte	17
 1166 0471 00       		.byte	0
 1167 0472 40       		.byte	64
 1168 0473 00       		.byte	0
 1169 0474 33       		.byte	51
 1170 0475 02       		.byte	2
 1171 0476 80       		.byte	-128
 1172 0477 00       		.byte	0
 1173 0478 33       		.byte	51
 1174 0479 02       		.byte	2
 1175 047a 0C       		.byte	12
 1176 047b 00       		.byte	0
 1177 047c 3F       		.byte	63
 1178 047d 01       		.byte	1
 1179 047e 00       		.byte	0
 1180 047f 00       		.byte	0
 1181 0480 22       		.byte	34
 1182 0481 02       		.byte	2
 1183 0482 40       		.byte	64
 1184 0483 00       		.byte	0
 1185 0484 0C       		.byte	12
 1186 0485 01       		.byte	1
 1187 0486 33       		.byte	51
 1188 0487 00       		.byte	0
 1189 0488 00       		.byte	0
 1190 0489 00       		.byte	0
 1191 048a 33       		.byte	51
 1192 048b 00       		.byte	0
 1193 048c 00       		.byte	0
 1194 048d 00       		.byte	0
 1195 048e 00       		.byte	0
 1196 048f 00       		.byte	0
 1197 0490 08       		.byte	8
ARM GAS  C:\Users\ANNASP~1\AppData\Local\Temp\ccK5ANzT.s 			page 22


 1198 0491 01       		.byte	1
 1199 0492 00       		.byte	0
 1200 0493 00       		.byte	0
 1201 0494 04       		.byte	4
 1202 0495 00       		.byte	0
 1203 0496 00       		.byte	0
 1204 0497 00       		.byte	0
 1205 0498 0C       		.byte	12
 1206 0499 01       		.byte	1
 1207 049a 00       		.byte	0
 1208 049b 00       		.byte	0
 1209 049c 0F       		.byte	15
 1210 049d 00       		.byte	0
 1211 049e 30       		.byte	48
 1212 049f 00       		.byte	0
 1213 04a0 30       		.byte	48
 1214 04a1 00       		.byte	0
 1215 04a2 00       		.byte	0
 1216 04a3 01       		.byte	1
 1217 04a4 0F       		.byte	15
 1218 04a5 02       		.byte	2
 1219 04a6 C0       		.byte	-64
 1220 04a7 00       		.byte	0
 1221 04a8 00       		.byte	0
 1222 04a9 00       		.byte	0
 1223 04aa 20       		.byte	32
 1224 04ab 00       		.byte	0
 1225 04ac 00       		.byte	0
 1226 04ad 00       		.byte	0
 1227 04ae 40       		.byte	64
 1228 04af 04       		.byte	4
 1229 04b0 62       		.byte	98
 1230 04b1 04       		.byte	4
 1231 04b2 05       		.byte	5
 1232 04b3 00       		.byte	0
 1233 04b4 01       		.byte	1
 1234 04b5 C0       		.byte	-64
 1235 04b6 00       		.byte	0
 1236 04b7 E0       		.byte	-32
 1237 04b8 22       		.byte	34
 1238 04b9 FF       		.byte	-1
 1239 04ba FF       		.byte	-1
 1240 04bb FF       		.byte	-1
 1241 04bc 62       		.byte	98
 1242 04bd A0       		.byte	-96
 1243 04be F0       		.byte	-16
 1244 04bf 41       		.byte	65
 1245 04c0 0C       		.byte	12
 1246 04c1 00       		.byte	0
 1247 04c2 00       		.byte	0
 1248 04c3 00       		.byte	0
 1249 04c4 00       		.byte	0
 1250 04c5 00       		.byte	0
 1251 04c6 02       		.byte	2
 1252 04c7 11       		.byte	17
 1253 04c8 04       		.byte	4
 1254 04c9 04       		.byte	4
ARM GAS  C:\Users\ANNASP~1\AppData\Local\Temp\ccK5ANzT.s 			page 23


 1255 04ca 04       		.byte	4
 1256 04cb 04       		.byte	4
 1257 04cc 33       		.byte	51
 1258 04cd 33       		.byte	51
 1259 04ce 00       		.byte	0
 1260 04cf 01       		.byte	1
 1261 04d0 00       		.byte	0
 1262 04d1 00       		.byte	0
 1263 04d2 00       		.byte	0
 1264 04d3 00       		.byte	0
 1265 04d4 00       		.byte	0
 1266 04d5 00       		.byte	0
 1267 04d6 40       		.byte	64
 1268 04d7 02       		.byte	2
 1269 04d8 00       		.byte	0
 1270 04d9 10       		.byte	16
 1271 04da 30       		.byte	48
 1272 04db 10       		.byte	16
 1273 04dc 00       		.byte	0
 1274 04dd 10       		.byte	16
 1275 04de 10       		.byte	16
 1276 04df 12       		.byte	18
 1277 04e0 00       		.byte	0
 1278 04e1 00       		.byte	0
 1279 04e2 00       		.byte	0
 1280 04e3 00       		.byte	0
 1281 04e4 00       		.byte	0
 1282 04e5 00       		.byte	0
 1283 04e6 00       		.byte	0
 1284 04e7 00       		.byte	0
 1285 04e8 00       		.byte	0
 1286 04e9 00       		.byte	0
 1287 04ea 00       		.byte	0
 1288 04eb 00       		.byte	0
 1289 04ec 00       		.byte	0
 1290 04ed 00       		.byte	0
 1291 04ee 00       		.byte	0
 1292 04ef 00       		.byte	0
 1293 04f0 00       		.byte	0
 1294 04f1 00       		.byte	0
 1295 04f2 00       		.byte	0
 1296 04f3 00       		.byte	0
 1297 04f4 00       		.byte	0
 1298 04f5 00       		.byte	0
 1299 04f6 01       		.byte	1
 1300 04f7 00       		.byte	0
 1301 04f8 80       		.byte	-128
 1302 04f9 00       		.byte	0
 1303 04fa 40       		.byte	64
 1304 04fb 80       		.byte	-128
 1305 04fc 80       		.byte	-128
 1306 04fd 00       		.byte	0
 1307 04fe 80       		.byte	-128
 1308 04ff 00       		.byte	0
 1309 0500 00       		.byte	0
 1310 0501 00       		.byte	0
 1311 0502 00       		.byte	0
ARM GAS  C:\Users\ANNASP~1\AppData\Local\Temp\ccK5ANzT.s 			page 24


 1312 0503 00       		.byte	0
 1313 0504 00       		.byte	0
 1314 0505 1B       		.byte	27
 1315 0506 1B       		.byte	27
 1316 0507 00       		.byte	0
 1317 0508 00       		.byte	0
 1318 0509 00       		.byte	0
 1319 050a C0       		.byte	-64
 1320 050b 00       		.byte	0
 1321 050c 00       		.byte	0
 1322 050d 02       		.byte	2
 1323 050e 02       		.byte	2
 1324 050f 00       		.byte	0
 1325 0510 00       		.byte	0
 1326 0511 00       		.byte	0
 1327 0512 00       		.byte	0
 1328 0513 00       		.byte	0
 1329 0514 00       		.byte	0
 1330 0515 00       		.byte	0
 1331 0516 00       		.byte	0
 1332 0517 00       		.byte	0
 1333 0518 00       		.byte	0
 1334 0519 00       		.byte	0
 1335 051a 52       		.byte	82
 1336 051b 00       		.byte	0
 1337 051c 0E       		.byte	14
 1338 051d 00       		.byte	0
 1339 051e 18       		.byte	24
 1340 051f 01       		.byte	1
 1341              		.section	.cywolatch,"a",%progbits
 1342              		.align	2
 1343              		.type	cy_meta_wonvl, %object
 1344              		.size	cy_meta_wonvl, 4
 1345              	cy_meta_wonvl:
 1346 0000 BC       		.byte	-68
 1347 0001 90       		.byte	-112
 1348 0002 AC       		.byte	-84
 1349 0003 AF       		.byte	-81
 1350              		.section	.cycustnvl,"a",%progbits
 1351              		.align	2
 1352              		.type	cy_meta_custnvl, %object
 1353              		.size	cy_meta_custnvl, 4
 1354              	cy_meta_custnvl:
 1355 0000 00       		.byte	0
 1356 0001 00       		.byte	0
 1357 0002 40       		.byte	64
 1358 0003 05       		.byte	5
 1359              		.section	.cymeta,"a",%progbits
 1360              		.align	2
 1361              		.type	cy_metadata, %object
 1362              		.size	cy_metadata, 12
 1363              	cy_metadata:
 1364 0000 00       		.byte	0
 1365 0001 01       		.byte	1
 1366 0002 2E       		.byte	46
 1367 0003 16       		.byte	22
 1368 0004 10       		.byte	16
ARM GAS  C:\Users\ANNASP~1\AppData\Local\Temp\ccK5ANzT.s 			page 25


 1369 0005 69       		.byte	105
 1370 0006 00       		.byte	0
 1371 0007 01       		.byte	1
 1372 0008 00       		.byte	0
 1373 0009 00       		.byte	0
 1374 000a 00       		.byte	0
 1375 000b 00       		.byte	0
 1376              		.section	.cyflashprotect,"a",%progbits
 1377              		.align	2
 1378              		.type	cy_meta_flashprotect, %object
 1379              		.size	cy_meta_flashprotect, 256
 1380              	cy_meta_flashprotect:
 1381 0000 00000000 		.space	256
 1381      00000000 
 1381      00000000 
 1381      00000000 
 1381      00000000 
 1382              		.text
 1383              	.Letext0:
 1384              		.file 1 "c:\\program files (x86)\\cypress\\psoc creator\\4.4\\psoc creator\\import\\gnu\\arm\\5.4.
 1385              		.file 2 "c:\\program files (x86)\\cypress\\psoc creator\\4.4\\psoc creator\\import\\gnu\\arm\\5.4.
 1386              		.file 3 "Generated_Source\\PSoC5\\cymetadata.c"
 1387              		.section	.debug_info,"",%progbits
 1388              	.Ldebug_info0:
 1389 0000 32010000 		.4byte	0x132
 1390 0004 0400     		.2byte	0x4
 1391 0006 00000000 		.4byte	.Ldebug_abbrev0
 1392 000a 04       		.byte	0x4
 1393 000b 01       		.uleb128 0x1
 1394 000c 77000000 		.4byte	.LASF17
 1395 0010 0C       		.byte	0xc
 1396 0011 D1010000 		.4byte	.LASF18
 1397 0015 16000000 		.4byte	.LASF19
 1398 0019 00000000 		.4byte	.Ldebug_line0
 1399 001d 02       		.uleb128 0x2
 1400 001e 01       		.byte	0x1
 1401 001f 06       		.byte	0x6
 1402 0020 C5010000 		.4byte	.LASF0
 1403 0024 03       		.uleb128 0x3
 1404 0025 00000000 		.4byte	.LASF9
 1405 0029 01       		.byte	0x1
 1406 002a 1D       		.byte	0x1d
 1407 002b 2F000000 		.4byte	0x2f
 1408 002f 02       		.uleb128 0x2
 1409 0030 01       		.byte	0x1
 1410 0031 08       		.byte	0x8
 1411 0032 69000000 		.4byte	.LASF1
 1412 0036 02       		.uleb128 0x2
 1413 0037 02       		.byte	0x2
 1414 0038 05       		.byte	0x5
 1415 0039 B2010000 		.4byte	.LASF2
 1416 003d 02       		.uleb128 0x2
 1417 003e 02       		.byte	0x2
 1418 003f 07       		.byte	0x7
 1419 0040 17010000 		.4byte	.LASF3
 1420 0044 02       		.uleb128 0x2
 1421 0045 04       		.byte	0x4
ARM GAS  C:\Users\ANNASP~1\AppData\Local\Temp\ccK5ANzT.s 			page 26


 1422 0046 05       		.byte	0x5
 1423 0047 BC010000 		.4byte	.LASF4
 1424 004b 02       		.uleb128 0x2
 1425 004c 04       		.byte	0x4
 1426 004d 07       		.byte	0x7
 1427 004e 05010000 		.4byte	.LASF5
 1428 0052 02       		.uleb128 0x2
 1429 0053 08       		.byte	0x8
 1430 0054 05       		.byte	0x5
 1431 0055 A4010000 		.4byte	.LASF6
 1432 0059 02       		.uleb128 0x2
 1433 005a 08       		.byte	0x8
 1434 005b 07       		.byte	0x7
 1435 005c 59010000 		.4byte	.LASF7
 1436 0060 04       		.uleb128 0x4
 1437 0061 04       		.byte	0x4
 1438 0062 05       		.byte	0x5
 1439 0063 696E7400 		.ascii	"int\000"
 1440 0067 02       		.uleb128 0x2
 1441 0068 04       		.byte	0x4
 1442 0069 07       		.byte	0x7
 1443 006a 4C010000 		.4byte	.LASF8
 1444 006e 03       		.uleb128 0x3
 1445 006f 70010000 		.4byte	.LASF10
 1446 0073 02       		.byte	0x2
 1447 0074 18       		.byte	0x18
 1448 0075 24000000 		.4byte	0x24
 1449 0079 05       		.uleb128 0x5
 1450 007a 91000000 		.4byte	0x91
 1451 007e 8A000000 		.4byte	0x8a
 1452 0082 06       		.uleb128 0x6
 1453 0083 8A000000 		.4byte	0x8a
 1454 0087 1F05     		.2byte	0x51f
 1455 0089 00       		.byte	0
 1456 008a 02       		.uleb128 0x2
 1457 008b 04       		.byte	0x4
 1458 008c 07       		.byte	0x7
 1459 008d 9B010000 		.4byte	.LASF11
 1460 0091 07       		.uleb128 0x7
 1461 0092 6E000000 		.4byte	0x6e
 1462 0096 08       		.uleb128 0x8
 1463 0097 3A010000 		.4byte	.LASF12
 1464 009b 03       		.byte	0x3
 1465 009c 1F       		.byte	0x1f
 1466 009d A7000000 		.4byte	0xa7
 1467 00a1 05       		.uleb128 0x5
 1468 00a2 03       		.byte	0x3
 1469 00a3 00000000 		.4byte	cy_meta_configecc
 1470 00a7 07       		.uleb128 0x7
 1471 00a8 79000000 		.4byte	0x79
 1472 00ac 05       		.uleb128 0x5
 1473 00ad 91000000 		.4byte	0x91
 1474 00b1 BC000000 		.4byte	0xbc
 1475 00b5 09       		.uleb128 0x9
 1476 00b6 8A000000 		.4byte	0x8a
 1477 00ba 03       		.byte	0x3
 1478 00bb 00       		.byte	0
ARM GAS  C:\Users\ANNASP~1\AppData\Local\Temp\ccK5ANzT.s 			page 27


 1479 00bc 08       		.uleb128 0x8
 1480 00bd 2A010000 		.4byte	.LASF13
 1481 00c1 03       		.byte	0x3
 1482 00c2 D0       		.byte	0xd0
 1483 00c3 CD000000 		.4byte	0xcd
 1484 00c7 05       		.uleb128 0x5
 1485 00c8 03       		.byte	0x3
 1486 00c9 00000000 		.4byte	cy_meta_custnvl
 1487 00cd 07       		.uleb128 0x7
 1488 00ce AC000000 		.4byte	0xac
 1489 00d2 08       		.uleb128 0x8
 1490 00d3 8D010000 		.4byte	.LASF14
 1491 00d7 03       		.byte	0x3
 1492 00d8 DE       		.byte	0xde
 1493 00d9 E3000000 		.4byte	0xe3
 1494 00dd 05       		.uleb128 0x5
 1495 00de 03       		.byte	0x3
 1496 00df 00000000 		.4byte	cy_meta_wonvl
 1497 00e3 07       		.uleb128 0x7
 1498 00e4 AC000000 		.4byte	0xac
 1499 00e8 05       		.uleb128 0x5
 1500 00e9 91000000 		.4byte	0x91
 1501 00ed F8000000 		.4byte	0xf8
 1502 00f1 09       		.uleb128 0x9
 1503 00f2 8A000000 		.4byte	0x8a
 1504 00f6 FF       		.byte	0xff
 1505 00f7 00       		.byte	0
 1506 00f8 08       		.uleb128 0x8
 1507 00f9 78010000 		.4byte	.LASF15
 1508 00fd 03       		.byte	0x3
 1509 00fe EC       		.byte	0xec
 1510 00ff 09010000 		.4byte	0x109
 1511 0103 05       		.uleb128 0x5
 1512 0104 03       		.byte	0x3
 1513 0105 00000000 		.4byte	cy_meta_flashprotect
 1514 0109 07       		.uleb128 0x7
 1515 010a E8000000 		.4byte	0xe8
 1516 010e 05       		.uleb128 0x5
 1517 010f 91000000 		.4byte	0x91
 1518 0113 1E010000 		.4byte	0x11e
 1519 0117 09       		.uleb128 0x9
 1520 0118 8A000000 		.4byte	0x8a
 1521 011c 0B       		.byte	0xb
 1522 011d 00       		.byte	0
 1523 011e 0A       		.uleb128 0xa
 1524 011f 0A000000 		.4byte	.LASF16
 1525 0123 03       		.byte	0x3
 1526 0124 1901     		.2byte	0x119
 1527 0126 30010000 		.4byte	0x130
 1528 012a 05       		.uleb128 0x5
 1529 012b 03       		.byte	0x3
 1530 012c 00000000 		.4byte	cy_metadata
 1531 0130 07       		.uleb128 0x7
 1532 0131 0E010000 		.4byte	0x10e
 1533 0135 00       		.byte	0
 1534              		.section	.debug_abbrev,"",%progbits
 1535              	.Ldebug_abbrev0:
ARM GAS  C:\Users\ANNASP~1\AppData\Local\Temp\ccK5ANzT.s 			page 28


 1536 0000 01       		.uleb128 0x1
 1537 0001 11       		.uleb128 0x11
 1538 0002 01       		.byte	0x1
 1539 0003 25       		.uleb128 0x25
 1540 0004 0E       		.uleb128 0xe
 1541 0005 13       		.uleb128 0x13
 1542 0006 0B       		.uleb128 0xb
 1543 0007 03       		.uleb128 0x3
 1544 0008 0E       		.uleb128 0xe
 1545 0009 1B       		.uleb128 0x1b
 1546 000a 0E       		.uleb128 0xe
 1547 000b 10       		.uleb128 0x10
 1548 000c 17       		.uleb128 0x17
 1549 000d 00       		.byte	0
 1550 000e 00       		.byte	0
 1551 000f 02       		.uleb128 0x2
 1552 0010 24       		.uleb128 0x24
 1553 0011 00       		.byte	0
 1554 0012 0B       		.uleb128 0xb
 1555 0013 0B       		.uleb128 0xb
 1556 0014 3E       		.uleb128 0x3e
 1557 0015 0B       		.uleb128 0xb
 1558 0016 03       		.uleb128 0x3
 1559 0017 0E       		.uleb128 0xe
 1560 0018 00       		.byte	0
 1561 0019 00       		.byte	0
 1562 001a 03       		.uleb128 0x3
 1563 001b 16       		.uleb128 0x16
 1564 001c 00       		.byte	0
 1565 001d 03       		.uleb128 0x3
 1566 001e 0E       		.uleb128 0xe
 1567 001f 3A       		.uleb128 0x3a
 1568 0020 0B       		.uleb128 0xb
 1569 0021 3B       		.uleb128 0x3b
 1570 0022 0B       		.uleb128 0xb
 1571 0023 49       		.uleb128 0x49
 1572 0024 13       		.uleb128 0x13
 1573 0025 00       		.byte	0
 1574 0026 00       		.byte	0
 1575 0027 04       		.uleb128 0x4
 1576 0028 24       		.uleb128 0x24
 1577 0029 00       		.byte	0
 1578 002a 0B       		.uleb128 0xb
 1579 002b 0B       		.uleb128 0xb
 1580 002c 3E       		.uleb128 0x3e
 1581 002d 0B       		.uleb128 0xb
 1582 002e 03       		.uleb128 0x3
 1583 002f 08       		.uleb128 0x8
 1584 0030 00       		.byte	0
 1585 0031 00       		.byte	0
 1586 0032 05       		.uleb128 0x5
 1587 0033 01       		.uleb128 0x1
 1588 0034 01       		.byte	0x1
 1589 0035 49       		.uleb128 0x49
 1590 0036 13       		.uleb128 0x13
 1591 0037 01       		.uleb128 0x1
 1592 0038 13       		.uleb128 0x13
ARM GAS  C:\Users\ANNASP~1\AppData\Local\Temp\ccK5ANzT.s 			page 29


 1593 0039 00       		.byte	0
 1594 003a 00       		.byte	0
 1595 003b 06       		.uleb128 0x6
 1596 003c 21       		.uleb128 0x21
 1597 003d 00       		.byte	0
 1598 003e 49       		.uleb128 0x49
 1599 003f 13       		.uleb128 0x13
 1600 0040 2F       		.uleb128 0x2f
 1601 0041 05       		.uleb128 0x5
 1602 0042 00       		.byte	0
 1603 0043 00       		.byte	0
 1604 0044 07       		.uleb128 0x7
 1605 0045 26       		.uleb128 0x26
 1606 0046 00       		.byte	0
 1607 0047 49       		.uleb128 0x49
 1608 0048 13       		.uleb128 0x13
 1609 0049 00       		.byte	0
 1610 004a 00       		.byte	0
 1611 004b 08       		.uleb128 0x8
 1612 004c 34       		.uleb128 0x34
 1613 004d 00       		.byte	0
 1614 004e 03       		.uleb128 0x3
 1615 004f 0E       		.uleb128 0xe
 1616 0050 3A       		.uleb128 0x3a
 1617 0051 0B       		.uleb128 0xb
 1618 0052 3B       		.uleb128 0x3b
 1619 0053 0B       		.uleb128 0xb
 1620 0054 49       		.uleb128 0x49
 1621 0055 13       		.uleb128 0x13
 1622 0056 3F       		.uleb128 0x3f
 1623 0057 19       		.uleb128 0x19
 1624 0058 02       		.uleb128 0x2
 1625 0059 18       		.uleb128 0x18
 1626 005a 00       		.byte	0
 1627 005b 00       		.byte	0
 1628 005c 09       		.uleb128 0x9
 1629 005d 21       		.uleb128 0x21
 1630 005e 00       		.byte	0
 1631 005f 49       		.uleb128 0x49
 1632 0060 13       		.uleb128 0x13
 1633 0061 2F       		.uleb128 0x2f
 1634 0062 0B       		.uleb128 0xb
 1635 0063 00       		.byte	0
 1636 0064 00       		.byte	0
 1637 0065 0A       		.uleb128 0xa
 1638 0066 34       		.uleb128 0x34
 1639 0067 00       		.byte	0
 1640 0068 03       		.uleb128 0x3
 1641 0069 0E       		.uleb128 0xe
 1642 006a 3A       		.uleb128 0x3a
 1643 006b 0B       		.uleb128 0xb
 1644 006c 3B       		.uleb128 0x3b
 1645 006d 05       		.uleb128 0x5
 1646 006e 49       		.uleb128 0x49
 1647 006f 13       		.uleb128 0x13
 1648 0070 3F       		.uleb128 0x3f
 1649 0071 19       		.uleb128 0x19
ARM GAS  C:\Users\ANNASP~1\AppData\Local\Temp\ccK5ANzT.s 			page 30


 1650 0072 02       		.uleb128 0x2
 1651 0073 18       		.uleb128 0x18
 1652 0074 00       		.byte	0
 1653 0075 00       		.byte	0
 1654 0076 00       		.byte	0
 1655              		.section	.debug_aranges,"",%progbits
 1656 0000 14000000 		.4byte	0x14
 1657 0004 0200     		.2byte	0x2
 1658 0006 00000000 		.4byte	.Ldebug_info0
 1659 000a 04       		.byte	0x4
 1660 000b 00       		.byte	0
 1661 000c 0000     		.2byte	0
 1662 000e 0000     		.2byte	0
 1663 0010 00000000 		.4byte	0
 1664 0014 00000000 		.4byte	0
 1665              		.section	.debug_line,"",%progbits
 1666              	.Ldebug_line0:
 1667 0000 3D010000 		.section	.debug_str,"MS",%progbits,1
 1667      02003701 
 1667      00000201 
 1667      FB0E0D00 
 1667      01010101 
 1668              	.LASF9:
 1669 0000 5F5F7569 		.ascii	"__uint8_t\000"
 1669      6E74385F 
 1669      7400
 1670              	.LASF16:
 1671 000a 63795F6D 		.ascii	"cy_metadata\000"
 1671      65746164 
 1671      61746100 
 1672              	.LASF19:
 1673 0016 5C5C2E70 		.ascii	"\\\\.psf\\Home\\Desktop\\LAB_TEBS\\_Progetto\\TEBS_"
 1673      73665C48 
 1673      6F6D655C 
 1673      4465736B 
 1673      746F705C 
 1674 0042 47697448 		.ascii	"GitHub\\PSoC_Project\\PSoC_Project.cydsn\000"
 1674      75625C50 
 1674      536F435F 
 1674      50726F6A 
 1674      6563745C 
 1675              	.LASF1:
 1676 0069 756E7369 		.ascii	"unsigned char\000"
 1676      676E6564 
 1676      20636861 
 1676      7200
 1677              	.LASF17:
 1678 0077 474E5520 		.ascii	"GNU C11 5.4.1 20160609 (release) [ARM/embedded-5-br"
 1678      43313120 
 1678      352E342E 
 1678      31203230 
 1678      31363036 
 1679 00aa 616E6368 		.ascii	"anch revision 237715] -mcpu=cortex-m3 -mthumb -g -O"
 1679      20726576 
 1679      6973696F 
 1679      6E203233 
 1679      37373135 
ARM GAS  C:\Users\ANNASP~1\AppData\Local\Temp\ccK5ANzT.s 			page 31


 1680 00dd 67202D66 		.ascii	"g -ffunction-sections -ffat-lto-objects\000"
 1680      66756E63 
 1680      74696F6E 
 1680      2D736563 
 1680      74696F6E 
 1681              	.LASF5:
 1682 0105 6C6F6E67 		.ascii	"long unsigned int\000"
 1682      20756E73 
 1682      69676E65 
 1682      6420696E 
 1682      7400
 1683              	.LASF3:
 1684 0117 73686F72 		.ascii	"short unsigned int\000"
 1684      7420756E 
 1684      7369676E 
 1684      65642069 
 1684      6E7400
 1685              	.LASF13:
 1686 012a 63795F6D 		.ascii	"cy_meta_custnvl\000"
 1686      6574615F 
 1686      63757374 
 1686      6E766C00 
 1687              	.LASF12:
 1688 013a 63795F6D 		.ascii	"cy_meta_configecc\000"
 1688      6574615F 
 1688      636F6E66 
 1688      69676563 
 1688      6300
 1689              	.LASF8:
 1690 014c 756E7369 		.ascii	"unsigned int\000"
 1690      676E6564 
 1690      20696E74 
 1690      00
 1691              	.LASF7:
 1692 0159 6C6F6E67 		.ascii	"long long unsigned int\000"
 1692      206C6F6E 
 1692      6720756E 
 1692      7369676E 
 1692      65642069 
 1693              	.LASF10:
 1694 0170 75696E74 		.ascii	"uint8_t\000"
 1694      385F7400 
 1695              	.LASF15:
 1696 0178 63795F6D 		.ascii	"cy_meta_flashprotect\000"
 1696      6574615F 
 1696      666C6173 
 1696      6870726F 
 1696      74656374 
 1697              	.LASF14:
 1698 018d 63795F6D 		.ascii	"cy_meta_wonvl\000"
 1698      6574615F 
 1698      776F6E76 
 1698      6C00
 1699              	.LASF11:
 1700 019b 73697A65 		.ascii	"sizetype\000"
 1700      74797065 
 1700      00
ARM GAS  C:\Users\ANNASP~1\AppData\Local\Temp\ccK5ANzT.s 			page 32


 1701              	.LASF6:
 1702 01a4 6C6F6E67 		.ascii	"long long int\000"
 1702      206C6F6E 
 1702      6720696E 
 1702      7400
 1703              	.LASF2:
 1704 01b2 73686F72 		.ascii	"short int\000"
 1704      7420696E 
 1704      7400
 1705              	.LASF4:
 1706 01bc 6C6F6E67 		.ascii	"long int\000"
 1706      20696E74 
 1706      00
 1707              	.LASF0:
 1708 01c5 7369676E 		.ascii	"signed char\000"
 1708      65642063 
 1708      68617200 
 1709              	.LASF18:
 1710 01d1 47656E65 		.ascii	"Generated_Source\\PSoC5\\cymetadata.c\000"
 1710      72617465 
 1710      645F536F 
 1710      75726365 
 1710      5C50536F 
 1711              		.ident	"GCC: (GNU Tools for ARM Embedded Processors) 5.4.1 20160609 (release) [ARM/embedded-5-bran
